2025-06-06 21:04:50,740 - INFO - Succesfully read the YAML file
2025-06-06 21:04:50,740 - INFO - === STEP 1: Data Ingestion ===
2025-06-06 21:04:50,740 - INFO - Data Ingestion Pipeline Started....
2025-06-06 21:04:52,945 - INFO - Database connection established........
2025-06-06 21:04:53,358 - INFO - Data Exctracted from DB...
2025-06-06 21:04:53,390 - INFO - Data Saving Done.....
2025-06-06 21:04:53,390 - INFO - End of Data Ingestion Pipeline....
2025-06-06 21:04:53,390 - INFO - === STEP 2: Data Processing ===
2025-06-06 21:04:53,390 - INFO - Succesfully read the YAML file
2025-06-06 21:04:53,390 - INFO - Starting the splitting process.....
2025-06-06 21:04:53,503 - INFO - Train data saved to d:\mlops\mlops_project_telco_custumer_church\artifacts\data\train.csv
2025-06-06 21:04:53,503 - INFO - Test data saved to d:\mlops\mlops_project_telco_custumer_church\artifacts\data\test.csv
2025-06-06 21:04:53,503 - INFO - Loading data from RAW directory
2025-06-06 21:04:53,503 - INFO - Loading data
2025-06-06 21:04:53,503 - INFO - Loading data
2025-06-06 21:04:53,518 - INFO - Starting Data Processing Step for [train] dataset...
2025-06-06 21:04:53,597 - INFO - Start Feature Engineering for [train] dataset...
2025-06-06 21:04:53,715 - INFO - Applying Label Encoding
2025-06-06 21:04:53,726 - INFO - Label encoders saved successfully at d:\mlops\mlops_project_telco_custumer_church\artifacts\encoders\label_encoders.pkl
2025-06-06 21:04:53,726 - INFO - Starting Data Processing Step for [test] dataset...
2025-06-06 21:04:53,728 - INFO - Start Feature Engineering for [test] dataset...
2025-06-06 21:04:53,758 - INFO - Applying Label Encoding
2025-06-06 21:04:53,763 - INFO - Label encoders saved successfully at d:\mlops\mlops_project_telco_custumer_church\artifacts\encoders\label_encoders.pkl
2025-06-06 21:04:53,763 - INFO - Handling Imbalanced Data for [train] dataset...
2025-06-06 21:04:55,300 - INFO - Data balanced sucesffuly
2025-06-06 21:04:55,302 - INFO - Handling Imbalanced Data for [test] dataset...
2025-06-06 21:04:55,310 - INFO - Data balanced sucesffuly
2025-06-06 21:04:55,310 - INFO - Saving processed [train] data to d:\mlops\mlops_project_telco_custumer_church\artifacts\processed\processed_train.csv...
2025-06-06 21:04:55,340 - INFO - Data saved sucessfuly to d:\mlops\mlops_project_telco_custumer_church\artifacts\processed\processed_train.csv
2025-06-06 21:04:55,340 - INFO - Saving processed [test] data to d:\mlops\mlops_project_telco_custumer_church\artifacts\processed\processed_test.csv...
2025-06-06 21:04:55,348 - INFO - Data saved sucessfuly to d:\mlops\mlops_project_telco_custumer_church\artifacts\processed\processed_test.csv
2025-06-06 21:04:55,348 - INFO - Data processing completed successfully
2025-06-06 21:04:55,349 - INFO - === STEP 3: Model Training ===
2025-06-06 21:04:55,350 - INFO - Succesfully read the YAML file
2025-06-06 21:04:55,350 - INFO - Loading processed training and test datasets
2025-06-06 21:04:55,358 - INFO - Starting model training with GridSearch and MLflow
2025-06-06 21:07:40,077 - INFO - Model successfully saved to: d:\mlops\mlops_project_telco_custumer_church\artifacts\model\best_random_forest.pkl
2025-06-06 21:07:40,077 - INFO - Best parameters: {'max_depth': 10, 'max_features': 'sqrt', 'min_samples_leaf': 1, 'min_samples_split': 2, 'n_estimators': 400}
2025-06-06 21:07:40,093 - INFO - 
Classification Report:
              precision    recall  f1-score   support

           0       0.84      0.82      0.83      1035
           1       0.82      0.85      0.83      1035

    accuracy                           0.83      2070
   macro avg       0.83      0.83      0.83      2070
weighted avg       0.83      0.83      0.83      2070

2025-06-06 21:07:40,093 - INFO - Confusion Matrix:
[[845 190]
 [157 878]]
2025-06-06 21:07:40,093 - INFO - Model Training Done....
2025-06-06 21:07:40,179 - INFO - === PIPELINE COMPLETED SUCCESSFULLY ===
