2025-06-13 23:13:38,304 - INFO - Succesfully read the YAML file
2025-06-13 23:13:38,304 - INFO - === STEP 1: Data Ingestion ===
2025-06-13 23:13:38,304 - INFO - Data Ingestion Pipeline Started....
2025-06-13 23:13:38,304 - INFO - Starting GCS Download.
2025-06-13 23:13:56,913 - INFO - Downloaded CSV from GCS.
2025-06-13 23:13:56,954 - INFO - Data Saving Done.
2025-06-13 23:13:56,954 - INFO - End of Data Ingestion Pipeline....
2025-06-13 23:13:56,954 - INFO - === STEP 2: Data Processing ===
2025-06-13 23:13:56,956 - INFO - Succesfully read the YAML file
2025-06-13 23:13:56,956 - INFO - Starting the splitting process.....
2025-06-13 23:13:56,998 - INFO - Train data saved to d:\mlops\mlops_project_telco_custumer_church\artifacts\data\train.csv
2025-06-13 23:13:56,998 - INFO - Test data saved to d:\mlops\mlops_project_telco_custumer_church\artifacts\data\test.csv
2025-06-13 23:13:56,999 - INFO - Loading data from RAW directory
2025-06-13 23:13:56,999 - INFO - Loading data
2025-06-13 23:13:57,008 - INFO - Loading data
2025-06-13 23:13:57,011 - INFO - Starting Data Processing Step for [train] dataset...
2025-06-13 23:13:57,018 - INFO - Start Feature Engineering for [train] dataset...
2025-06-13 23:13:57,126 - INFO - Applying Label Encoding
2025-06-13 23:13:57,142 - INFO - Label encoders saved successfully at d:\mlops\mlops_project_telco_custumer_church\artifacts\encoders\label_encoders.pkl
2025-06-13 23:13:57,142 - INFO - Starting Data Processing Step for [test] dataset...
2025-06-13 23:13:57,142 - INFO - Start Feature Engineering for [test] dataset...
2025-06-13 23:13:57,168 - INFO - Applying Label Encoding
2025-06-13 23:13:57,168 - INFO - Handling Imbalanced Data for [train] dataset...
2025-06-13 23:13:58,520 - INFO - Data balanced sucesffuly
2025-06-13 23:13:58,520 - INFO - Handling Imbalanced Data for [test] dataset...
2025-06-13 23:13:58,528 - INFO - Data balanced sucesffuly
2025-06-13 23:13:58,595 - INFO - Feature columns saved to d:\mlops\mlops_project_telco_custumer_church\artifacts\model\feature_columns.pkl
2025-06-13 23:13:58,595 - INFO - Saving processed [train] data to d:\mlops\mlops_project_telco_custumer_church\artifacts\processed\processed_train.csv...
2025-06-13 23:13:58,624 - INFO - Data saved sucessfuly to d:\mlops\mlops_project_telco_custumer_church\artifacts\processed\processed_train.csv
2025-06-13 23:13:58,625 - INFO - Saving processed [test] data to d:\mlops\mlops_project_telco_custumer_church\artifacts\processed\processed_test.csv...
2025-06-13 23:13:58,633 - INFO - Data saved sucessfuly to d:\mlops\mlops_project_telco_custumer_church\artifacts\processed\processed_test.csv
2025-06-13 23:13:58,633 - INFO - Data processing completed successfully
2025-06-13 23:13:58,633 - INFO - === STEP 3: Model Training ===
2025-06-13 23:13:58,634 - INFO - Succesfully read the YAML file
2025-06-13 23:13:58,634 - INFO - Loading processed training and test datasets
2025-06-13 23:13:58,645 - INFO - Starting model training with GridSearch and MLflow
2025-06-13 23:19:47,631 - INFO - Model successfully saved to: d:\mlops\mlops_project_telco_custumer_church\artifacts\model\best_random_forest.pkl
2025-06-13 23:19:47,632 - INFO - Best parameters: {'max_depth': 20, 'max_features': 'sqrt', 'min_samples_leaf': 1, 'min_samples_split': 2, 'n_estimators': 200}
2025-06-13 23:19:47,635 - INFO - 
Classification Report:
              precision    recall  f1-score   support

           0       0.79      0.84      0.81      1035
           1       0.83      0.77      0.80      1035

    accuracy                           0.80      2070
   macro avg       0.81      0.80      0.80      2070
weighted avg       0.81      0.80      0.80      2070

2025-06-13 23:19:47,635 - INFO - Confusion Matrix:
[[867 168]
 [236 799]]
2025-06-13 23:19:47,635 - INFO - Model Training Done....
2025-06-13 23:19:48,047 - INFO - === PIPELINE COMPLETED SUCCESSFULLY ===
